::1 - - [01/Feb/2026 02:51:25] "GET /?id=2741f39a-f7fe-4431-8a11-642a8b13e562&vscodeBrowserReqId=1769894485659 HTTP/1.1" 200 -
::1 - - [01/Feb/2026 02:51:25] "GET /styles.css HTTP/1.1" 304 -
::1 - - [01/Feb/2026 02:51:25] "GET /script.js HTTP/1.1" 304 -
::1 - - [01/Feb/2026 02:54:42] "GET /pdfs/quran-chapter-52-surah-at-tur-pdf.pdf HTTP/1.1" 200 -
::1 - - [01/Feb/2026 02:56:07] "GET /?id=2741f39a-f7fe-4431-8a11-642a8b13e562&vscodeBrowserReqId=1769894767228 HTTP/1.1" 200 -
::1 - - [01/Feb/2026 02:56:07] "GET /styles.css HTTP/1.1" 200 -
::1 - - [01/Feb/2026 02:56:07] "GET /script.js HTTP/1.1" 200 -
::1 - - [01/Feb/2026 02:56:09] "GET /pdfs/quran-chapter-2-surah-al-baqarah-pdf.pdf HTTP/1.1" 304 -
::1 - - [01/Feb/2026 02:57:01] "GET /?id=2741f39a-f7fe-4431-8a11-642a8b13e562&vscodeBrowserReqId=1769894821290 HTTP/1.1" 200 -
::1 - - [01/Feb/2026 02:57:01] "GET /styles.css HTTP/1.1" 304 -
::1 - - [01/Feb/2026 02:57:01] "GET /script.js HTTP/1.1" 200 -
::1 - - [01/Feb/2026 02:58:55] "GET /?id=2741f39a-f7fe-4431-8a11-642a8b13e562&vscodeBrowserReqId=1769894935194 HTTP/1.1" 200 -
::1 - - [01/Feb/2026 02:58:55] "GET /styles.css HTTP/1.1" 200 -
::1 - - [01/Feb/2026 02:58:55] "GET /script.js HTTP/1.1" 200 -
::1 - - [01/Feb/2026 03:00:07] "GET /?id=2741f39a-f7fe-4431-8a11-642a8b13e562&vscodeBrowserReqId=1769895007796 HTTP/1.1" 200 -
::1 - - [01/Feb/2026 03:00:07] "GET /styles.css HTTP/1.1" 200 -
::1 - - [01/Feb/2026 03:00:07] "GET /script.js HTTP/1.1" 200 -
::1 - - [01/Feb/2026 03:01:11] "GET /?id=2741f39a-f7fe-4431-8a11-642a8b13e562&vscodeBrowserReqId=1769895070998 HTTP/1.1" 200 -
::1 - - [01/Feb/2026 03:01:11] "GET /styles.css HTTP/1.1" 200 -
::1 - - [01/Feb/2026 03:01:11] "GET /script.js HTTP/1.1" 200 -
::1 - - [01/Feb/2026 03:01:12] "GET /pdfs/quran-chapter-2-surah-al-baqarah-pdf.pdf HTTP/1.1" 304 -
::1 - - [01/Feb/2026 03:02:10] "GET /?id=2741f39a-f7fe-4431-8a11-642a8b13e562&vscodeBrowserReqId=1769895130485 HTTP/1.1" 200 -
::1 - - [01/Feb/2026 03:02:10] "GET /styles.css HTTP/1.1" 200 -
::1 - - [01/Feb/2026 03:02:10] "GET /script.js HTTP/1.1" 304 -
::1 - - [01/Feb/2026 03:03:06] "GET /?id=2741f39a-f7fe-4431-8a11-642a8b13e562&vscodeBrowserReqId=1769895186393 HTTP/1.1" 200 -
::1 - - [01/Feb/2026 03:03:06] "GET /script.js HTTP/1.1" 304 -
::1 - - [01/Feb/2026 03:03:06] "GET /styles.css HTTP/1.1" 200 -
::1 - - [01/Feb/2026 03:04:17] "GET /?id=2741f39a-f7fe-4431-8a11-642a8b13e562&vscodeBrowserReqId=1769895257315 HTTP/1.1" 200 -
::1 - - [01/Feb/2026 03:04:17] "GET /styles.css HTTP/1.1" 304 -
::1 - - [01/Feb/2026 03:04:17] "GET /script.js HTTP/1.1" 200 -
::1 - - [01/Feb/2026 03:05:30] "GET /pdfs/quran-chapter-2-surah-al-baqarah-pdf.pdf HTTP/1.1" 304 -
::1 - - [01/Feb/2026 03:05:34] "GET /?id=2741f39a-f7fe-4431-8a11-642a8b13e562&vscodeBrowserReqId=1769895334437 HTTP/1.1" 200 -
::1 - - [01/Feb/2026 03:05:34] "GET /styles.css HTTP/1.1" 304 -
::1 - - [01/Feb/2026 03:05:34] "GET /script.js HTTP/1.1" 200 -
::1 - - [01/Feb/2026 03:06:22] "GET /?id=2741f39a-f7fe-4431-8a11-642a8b13e562&vscodeBrowserReqId=1769895382262 HTTP/1.1" 200 -
::1 - - [01/Feb/2026 03:06:22] "GET /styles.css HTTP/1.1" 304 -
::1 - - [01/Feb/2026 03:06:22] "GET /script.js HTTP/1.1" 200 -
::1 - - [01/Feb/2026 03:08:05] "GET /?id=2741f39a-f7fe-4431-8a11-642a8b13e562&vscodeBrowserReqId=1769895485816 HTTP/1.1" 200 -
::1 - - [01/Feb/2026 03:08:05] "GET /styles.css HTTP/1.1" 304 -
::1 - - [01/Feb/2026 03:08:05] "GET /script.js HTTP/1.1" 200 -
::1 - - [01/Feb/2026 03:08:55] "GET /?id=2741f39a-f7fe-4431-8a11-642a8b13e562&vscodeBrowserReqId=1769895535717 HTTP/1.1" 200 -
::1 - - [01/Feb/2026 03:08:55] "GET /styles.css HTTP/1.1" 304 -
::1 - - [01/Feb/2026 03:08:55] "GET /script.js HTTP/1.1" 200 -
::1 - - [01/Feb/2026 03:11:14] "GET /styles.css HTTP/1.1" 304 -
::1 - - [01/Feb/2026 03:12:00] "GET /pdfs/quran-chapter-1-surah-al-fatiha-pdf.pdf HTTP/1.1" 304 -
::1 - - [01/Feb/2026 03:12:04] "GET /pdfs/quran-chapter-2-surah-al-baqarah-pdf.pdf HTTP/1.1" 304 -
::1 - - [01/Feb/2026 03:12:12] "GET /pdfs/quran-chapter-20-surah-taha-pdf.pdf HTTP/1.1" 200 -
::1 - - [01/Feb/2026 03:27:30] "HEAD /pdfs/quran-chapter-1-surah-al-fatiha-pdf.pdf HTTP/1.1" 200 -
::1 - - [01/Feb/2026 03:29:08] "GET /pdfs/quran-chapter-2-surah-al-baqarah-pdf.pdf HTTP/1.1" 304 -
::1 - - [01/Feb/2026 03:30:39] "GET /pdfs/quran-chapter-1-surah-al-fatiha-pdf.pdf HTTP/1.1" 200 -
::1 - - [01/Feb/2026 03:30:49] "GET /pdfs/quran-chapter-1-surah-al-fatiha-pdf.pdf HTTP/1.1" 200 -
::1 - - [01/Feb/2026 03:31:33] "HEAD /pdfs/quran-chapter-1-surah-al-fatiha-pdf.pdf HTTP/1.1" 200 -
::1 - - [01/Feb/2026 03:31:41] "HEAD /pdfs/quran-chapter-1-surah-al-fatiha-pdf.pdf HTTP/1.1" 200 -
